{
  "RSpec": {
    "coverage": {
      "/Users/mayankasheoran/Documents/Calculator/lib/Calculate.rb": [
        1,
        1,
        1
      ],
      "/Users/mayankasheoran/Documents/Calculator/lib/Calculate/calculate.rb": [
        null,
        1,
        null,
        1,
        1,
        null,
        null,
        null,
        1,
        null,
        0,
        0,
        0,
        null,
        0,
        null,
        0,
        null,
        0,
        null,
        0,
        null,
        0,
        null,
        0,
        null,
        0,
        null,
        null,
        0,
        null,
        null,
        null,
        null
      ],
      "/Users/mayankasheoran/Documents/Calculator/lib/Calculate/parser.rb": [
        null,
        1,
        null,
        1,
        0,
        null,
        null,
        1,
        0,
        0,
        0,
        null,
        null,
        null
      ],
      "/Users/mayankasheoran/Documents/Calculator/lib/Calculate/application.rb": [
        null,
        1,
        null,
        1,
        1,
        1,
        1,
        null,
        1,
        429182,
        429182,
        429182,
        null,
        null,
        null,
        1,
        0,
        0,
        null,
        null,
        null
      ],
      "/Users/mayankasheoran/Documents/Calculator/spec/Calculate/calculator_spec.rb": [
        1,
        1,
        1,
        null,
        1,
        0,
        null,
        null,
        1,
        0,
        null,
        null,
        1,
        0,
        null,
        null,
        1,
        0,
        null,
        null,
        1,
        0,
        null,
        null,
        1,
        0,
        null,
        null,
        null,
        null,
        null
      ],
      "/Users/mayankasheoran/Documents/Calculator/spec/Calculate/parser_spec.rb": [
        1,
        null,
        1,
        null,
        1,
        null,
        1,
        0,
        null,
        null,
        null,
        null
      ]
    },
    "timestamp": 1422973582
  }
}
