{
  "RSpec": {
    "coverage": {
      "/Users/mayankasheoran/Documents/Calculator/lib/Calculate.rb": [
        1,
        1,
        1
      ],
      "/Users/mayankasheoran/Documents/Calculator/lib/Calculate/calculate.rb": [
        1,
        null,
        1,
        6,
        null,
        null,
        null,
        1,
        null,
        6,
        6,
        6,
        null,
        6,
        null,
        1,
        null,
        1,
        null,
        1,
        null,
        1,
        null,
        1,
        null,
        1,
        null,
        null,
        6,
        null,
        null,
        null,
        null
      ],
      "/Users/mayankasheoran/Documents/Calculator/lib/Calculate/parser.rb": [
        1,
        null,
        1,
        7,
        null,
        null,
        1,
        7,
        7,
        7,
        null,
        null,
        null
      ],
      "/Users/mayankasheoran/Documents/Calculator/lib/Calculate/launch.rb": [
        1,
        null,
        1,
        0,
        0,
        0,
        0,
        0,
        0,
        0,
        null,
        null,
        null,
        null
      ],
      "/Users/mayankasheoran/Documents/Calculator/spec/Calculate/parser_spec.rb": [
        1,
        null,
        1,
        null,
        2,
        null,
        1,
        1,
        null,
        null,
        null,
        null
      ]
    },
    "timestamp": 1422955905
  }
}
